[2024-05-14 17:08:57,797] INFO [GroupCoordinator 0]: Member kafka-python-2.0.2-fd1a6570-40ca-42a5-bfd0-b26fb30c0ed8 in group image-compressor-service-group has failed, removing it from the group (kafka.coordinator.group.GroupCoordinator)
[2024-05-14 17:08:57,818] INFO [GroupCoordinator 0]: Preparing to rebalance group image-compressor-service-group in state PreparingRebalance with old generation 34 (__consumer_offsets-11) (reason: removing member kafka-python-2.0.2-fd1a6570-40ca-42a5-bfd0-b26fb30c0ed8 on heartbeat expiration) (kafka.coordinator.group.GroupCoordinator)
[2024-05-14 17:08:57,820] INFO [GroupCoordinator 0]: Group image-compressor-service-group with generation 35 is now empty (__consumer_offsets-11) (kafka.coordinator.group.GroupCoordinator)
[2024-05-14 17:11:30,743] INFO [GroupCoordinator 0]: Preparing to rebalance group test-group-images in state PreparingRebalance with old generation 73 (__consumer_offsets-15) (reason: Removing member aiokafka-0.10.0-36d7ee61-3b7e-41de-b7e4-a18fb2e8ae0c on LeaveGroup; client reason: not provided) (kafka.coordinator.group.GroupCoordinator)
[2024-05-14 17:11:30,744] INFO [GroupCoordinator 0]: Group test-group-images with generation 74 is now empty (__consumer_offsets-15) (kafka.coordinator.group.GroupCoordinator)
[2024-05-14 17:11:30,746] INFO [GroupCoordinator 0]: Member MemberMetadata(memberId=aiokafka-0.10.0-36d7ee61-3b7e-41de-b7e4-a18fb2e8ae0c, groupInstanceId=None, clientId=aiokafka-0.10.0, clientHost=/127.0.0.1, sessionTimeoutMs=10000, rebalanceTimeoutMs=10000, supportedProtocols=List(roundrobin)) has left group test-group-images through explicit `LeaveGroup`; client reason: not provided (kafka.coordinator.group.GroupCoordinator)
[2024-05-14 17:28:13,336] INFO Terminating process due to signal SIGINT (org.apache.kafka.common.utils.LoggingSignalHandler)
[2024-05-14 17:28:13,377] INFO [KafkaServer id=0] shutting down (kafka.server.KafkaServer)
[2024-05-14 17:28:13,412] INFO [KafkaServer id=0] Starting controlled shutdown (kafka.server.KafkaServer)
[2024-05-14 17:28:13,834] INFO [KafkaServer id=0] Controlled shutdown request returned successfully after 359ms (kafka.server.KafkaServer)
[2024-05-14 17:28:13,908] INFO [/config/changes-event-process-thread]: Shutting down (kafka.common.ZkNodeChangeNotificationListener$ChangeEventProcessThread)
[2024-05-14 17:28:13,910] INFO [/config/changes-event-process-thread]: Shutdown completed (kafka.common.ZkNodeChangeNotificationListener$ChangeEventProcessThread)
[2024-05-14 17:28:13,910] INFO [/config/changes-event-process-thread]: Stopped (kafka.common.ZkNodeChangeNotificationListener$ChangeEventProcessThread)
[2024-05-14 17:28:13,913] INFO [SocketServer listenerType=ZK_BROKER, nodeId=0] Stopping socket server request processors (kafka.network.SocketServer)
[2024-05-14 17:28:14,020] INFO [SocketServer listenerType=ZK_BROKER, nodeId=0] Stopped socket server request processors (kafka.network.SocketServer)
[2024-05-14 17:28:14,028] INFO [data-plane Kafka Request Handler on Broker 0], shutting down (kafka.server.KafkaRequestHandlerPool)
[2024-05-14 17:28:14,049] INFO [data-plane Kafka Request Handler on Broker 0], shut down completely (kafka.server.KafkaRequestHandlerPool)
[2024-05-14 17:28:14,081] INFO [ExpirationReaper-0-AlterAcls]: Shutting down (kafka.server.DelayedOperationPurgatory$ExpiredOperationReaper)
[2024-05-14 17:28:14,084] INFO [ExpirationReaper-0-AlterAcls]: Stopped (kafka.server.DelayedOperationPurgatory$ExpiredOperationReaper)
[2024-05-14 17:28:14,084] INFO [ExpirationReaper-0-AlterAcls]: Shutdown completed (kafka.server.DelayedOperationPurgatory$ExpiredOperationReaper)
[2024-05-14 17:28:14,087] INFO [KafkaApi-0] Shutdown complete. (kafka.server.KafkaApis)
[2024-05-14 17:28:14,090] INFO [ExpirationReaper-0-topic]: Shutting down (kafka.server.DelayedOperationPurgatory$ExpiredOperationReaper)
[2024-05-14 17:28:14,092] INFO [ExpirationReaper-0-topic]: Stopped (kafka.server.DelayedOperationPurgatory$ExpiredOperationReaper)
[2024-05-14 17:28:14,092] INFO [ExpirationReaper-0-topic]: Shutdown completed (kafka.server.DelayedOperationPurgatory$ExpiredOperationReaper)
[2024-05-14 17:28:14,098] INFO [TransactionCoordinator id=0] Shutting down. (kafka.coordinator.transaction.TransactionCoordinator)
[2024-05-14 17:28:14,102] INFO [Transaction State Manager 0]: Shutdown complete (kafka.coordinator.transaction.TransactionStateManager)
[2024-05-14 17:28:14,102] INFO [TxnMarkerSenderThread-0]: Shutting down (kafka.coordinator.transaction.TransactionMarkerChannelManager)
[2024-05-14 17:28:14,103] INFO [TxnMarkerSenderThread-0]: Stopped (kafka.coordinator.transaction.TransactionMarkerChannelManager)
[2024-05-14 17:28:14,103] INFO [TxnMarkerSenderThread-0]: Shutdown completed (kafka.coordinator.transaction.TransactionMarkerChannelManager)
[2024-05-14 17:28:14,106] INFO [TransactionCoordinator id=0] Shutdown complete. (kafka.coordinator.transaction.TransactionCoordinator)
[2024-05-14 17:28:14,109] INFO [GroupCoordinator 0]: Shutting down. (kafka.coordinator.group.GroupCoordinator)
[2024-05-14 17:28:14,111] INFO [ExpirationReaper-0-Heartbeat]: Shutting down (kafka.server.DelayedOperationPurgatory$ExpiredOperationReaper)
[2024-05-14 17:28:14,112] INFO [ExpirationReaper-0-Heartbeat]: Stopped (kafka.server.DelayedOperationPurgatory$ExpiredOperationReaper)
[2024-05-14 17:28:14,112] INFO [ExpirationReaper-0-Heartbeat]: Shutdown completed (kafka.server.DelayedOperationPurgatory$ExpiredOperationReaper)
[2024-05-14 17:28:14,113] INFO [ExpirationReaper-0-Rebalance]: Shutting down (kafka.server.DelayedOperationPurgatory$ExpiredOperationReaper)
[2024-05-14 17:28:14,115] INFO [ExpirationReaper-0-Rebalance]: Stopped (kafka.server.DelayedOperationPurgatory$ExpiredOperationReaper)
[2024-05-14 17:28:14,115] INFO [ExpirationReaper-0-Rebalance]: Shutdown completed (kafka.server.DelayedOperationPurgatory$ExpiredOperationReaper)
[2024-05-14 17:28:14,117] INFO [GroupCoordinator 0]: Shutdown complete. (kafka.coordinator.group.GroupCoordinator)
[2024-05-14 17:28:14,120] INFO [ReplicaManager broker=0] Shutting down (kafka.server.ReplicaManager)
[2024-05-14 17:28:14,124] INFO [LogDirFailureHandler]: Shutting down (kafka.server.ReplicaManager$LogDirFailureHandler)
[2024-05-14 17:28:14,130] INFO [LogDirFailureHandler]: Shutdown completed (kafka.server.ReplicaManager$LogDirFailureHandler)
[2024-05-14 17:28:14,130] INFO [LogDirFailureHandler]: Stopped (kafka.server.ReplicaManager$LogDirFailureHandler)
[2024-05-14 17:28:14,133] INFO [ReplicaFetcherManager on broker 0] shutting down (kafka.server.ReplicaFetcherManager)
[2024-05-14 17:28:14,136] INFO [ReplicaFetcherManager on broker 0] shutdown completed (kafka.server.ReplicaFetcherManager)
[2024-05-14 17:28:14,137] INFO [ReplicaAlterLogDirsManager on broker 0] shutting down (kafka.server.ReplicaAlterLogDirsManager)
[2024-05-14 17:28:14,138] INFO [ReplicaAlterLogDirsManager on broker 0] shutdown completed (kafka.server.ReplicaAlterLogDirsManager)
[2024-05-14 17:28:14,138] INFO [ExpirationReaper-0-Fetch]: Shutting down (kafka.server.DelayedOperationPurgatory$ExpiredOperationReaper)
[2024-05-14 17:28:14,140] INFO [ExpirationReaper-0-Fetch]: Stopped (kafka.server.DelayedOperationPurgatory$ExpiredOperationReaper)
[2024-05-14 17:28:14,140] INFO [ExpirationReaper-0-Fetch]: Shutdown completed (kafka.server.DelayedOperationPurgatory$ExpiredOperationReaper)
[2024-05-14 17:28:14,142] INFO [ExpirationReaper-0-RemoteFetch]: Shutting down (kafka.server.DelayedOperationPurgatory$ExpiredOperationReaper)
[2024-05-14 17:28:14,144] INFO [ExpirationReaper-0-RemoteFetch]: Stopped (kafka.server.DelayedOperationPurgatory$ExpiredOperationReaper)
[2024-05-14 17:28:14,144] INFO [ExpirationReaper-0-RemoteFetch]: Shutdown completed (kafka.server.DelayedOperationPurgatory$ExpiredOperationReaper)
[2024-05-14 17:28:14,145] INFO [ExpirationReaper-0-Produce]: Shutting down (kafka.server.DelayedOperationPurgatory$ExpiredOperationReaper)
[2024-05-14 17:28:14,148] INFO [ExpirationReaper-0-Produce]: Stopped (kafka.server.DelayedOperationPurgatory$ExpiredOperationReaper)
[2024-05-14 17:28:14,148] INFO [ExpirationReaper-0-Produce]: Shutdown completed (kafka.server.DelayedOperationPurgatory$ExpiredOperationReaper)
[2024-05-14 17:28:14,150] INFO [ExpirationReaper-0-DeleteRecords]: Shutting down (kafka.server.DelayedOperationPurgatory$ExpiredOperationReaper)
[2024-05-14 17:28:14,152] INFO [ExpirationReaper-0-DeleteRecords]: Stopped (kafka.server.DelayedOperationPurgatory$ExpiredOperationReaper)
[2024-05-14 17:28:14,152] INFO [ExpirationReaper-0-DeleteRecords]: Shutdown completed (kafka.server.DelayedOperationPurgatory$ExpiredOperationReaper)
[2024-05-14 17:28:14,155] INFO [ExpirationReaper-0-ElectLeader]: Shutting down (kafka.server.DelayedOperationPurgatory$ExpiredOperationReaper)
[2024-05-14 17:28:14,157] INFO [ExpirationReaper-0-ElectLeader]: Stopped (kafka.server.DelayedOperationPurgatory$ExpiredOperationReaper)
[2024-05-14 17:28:14,157] INFO [ExpirationReaper-0-ElectLeader]: Shutdown completed (kafka.server.DelayedOperationPurgatory$ExpiredOperationReaper)
[2024-05-14 17:28:14,178] INFO [AddPartitionsToTxnSenderThread-0]: Shutting down (kafka.server.AddPartitionsToTxnManager)
[2024-05-14 17:28:14,178] INFO [AddPartitionsToTxnSenderThread-0]: Shutdown completed (kafka.server.AddPartitionsToTxnManager)
[2024-05-14 17:28:14,178] INFO [AddPartitionsToTxnSenderThread-0]: Stopped (kafka.server.AddPartitionsToTxnManager)
[2024-05-14 17:28:14,182] INFO [ReplicaManager broker=0] Shut down completely (kafka.server.ReplicaManager)
[2024-05-14 17:28:14,183] INFO [zk-broker-0-to-controller-alter-partition-channel-manager]: Shutting down (kafka.server.NodeToControllerRequestThread)
[2024-05-14 17:28:14,184] INFO [zk-broker-0-to-controller-alter-partition-channel-manager]: Stopped (kafka.server.NodeToControllerRequestThread)
[2024-05-14 17:28:14,184] INFO [zk-broker-0-to-controller-alter-partition-channel-manager]: Shutdown completed (kafka.server.NodeToControllerRequestThread)
[2024-05-14 17:28:14,190] INFO Node to controller channel manager for alter-partition shutdown (kafka.server.NodeToControllerChannelManagerImpl)
[2024-05-14 17:28:14,191] INFO [zk-broker-0-to-controller-forwarding-channel-manager]: Shutting down (kafka.server.NodeToControllerRequestThread)
[2024-05-14 17:28:14,192] INFO [zk-broker-0-to-controller-forwarding-channel-manager]: Stopped (kafka.server.NodeToControllerRequestThread)
[2024-05-14 17:28:14,192] INFO [zk-broker-0-to-controller-forwarding-channel-manager]: Shutdown completed (kafka.server.NodeToControllerRequestThread)
[2024-05-14 17:28:14,195] INFO Node to controller channel manager for forwarding shutdown (kafka.server.NodeToControllerChannelManagerImpl)
[2024-05-14 17:28:14,197] INFO Shutting down. (kafka.log.LogManager)
[2024-05-14 17:28:14,213] INFO [kafka-log-cleaner-thread-0]: Shutting down (kafka.log.LogCleaner$CleanerThread)
[2024-05-14 17:28:14,214] INFO [kafka-log-cleaner-thread-0]: Shutdown completed (kafka.log.LogCleaner$CleanerThread)
[2024-05-14 17:28:14,214] INFO [kafka-log-cleaner-thread-0]: Stopped (kafka.log.LogCleaner$CleanerThread)
[2024-05-14 17:28:14,257] INFO [ProducerStateManager partition=image-metadata-0] Wrote producer snapshot at offset 211 with 0 producer ids in 7 ms. (org.apache.kafka.storage.internals.log.ProducerStateManager)
[2024-05-14 17:28:14,303] INFO [ProducerStateManager partition=image-metadata-2] Wrote producer snapshot at offset 184 with 0 producer ids in 5 ms. (org.apache.kafka.storage.internals.log.ProducerStateManager)
[2024-05-14 17:28:14,421] INFO [ProducerStateManager partition=__consumer_offsets-11] Wrote producer snapshot at offset 9338 with 0 producer ids in 6 ms. (org.apache.kafka.storage.internals.log.ProducerStateManager)
[2024-05-14 17:28:14,445] INFO [ProducerStateManager partition=compressed-images-2] Wrote producer snapshot at offset 199 with 0 producer ids in 4 ms. (org.apache.kafka.storage.internals.log.ProducerStateManager)
[2024-05-14 17:28:14,457] INFO [ProducerStateManager partition=image-metadata-1] Wrote producer snapshot at offset 192 with 0 producer ids in 5 ms. (org.apache.kafka.storage.internals.log.ProducerStateManager)
[2024-05-14 17:28:14,506] INFO [ProducerStateManager partition=compressed-images-1] Wrote producer snapshot at offset 218 with 0 producer ids in 6 ms. (org.apache.kafka.storage.internals.log.ProducerStateManager)
[2024-05-14 17:28:14,564] INFO [ProducerStateManager partition=raw-images-2] Wrote producer snapshot at offset 229 with 0 producer ids in 5 ms. (org.apache.kafka.storage.internals.log.ProducerStateManager)
[2024-05-14 17:28:14,607] INFO [ProducerStateManager partition=__consumer_offsets-26] Wrote producer snapshot at offset 9 with 0 producer ids in 5 ms. (org.apache.kafka.storage.internals.log.ProducerStateManager)
[2024-05-14 17:28:14,640] INFO [ProducerStateManager partition=__consumer_offsets-8] Wrote producer snapshot at offset 27863 with 0 producer ids in 4 ms. (org.apache.kafka.storage.internals.log.ProducerStateManager)
[2024-05-14 17:28:14,702] INFO [ProducerStateManager partition=raw-images-0] Wrote producer snapshot at offset 254 with 0 producer ids in 4 ms. (org.apache.kafka.storage.internals.log.ProducerStateManager)
[2024-05-14 17:28:14,719] INFO [ProducerStateManager partition=compressed-images-0] Wrote producer snapshot at offset 215 with 0 producer ids in 5 ms. (org.apache.kafka.storage.internals.log.ProducerStateManager)
[2024-05-14 17:28:14,737] INFO [ProducerStateManager partition=raw-images-1] Wrote producer snapshot at offset 216 with 0 producer ids in 6 ms. (org.apache.kafka.storage.internals.log.ProducerStateManager)
[2024-05-14 17:28:14,774] INFO [ProducerStateManager partition=__consumer_offsets-15] Wrote producer snapshot at offset 15995 with 0 producer ids in 4 ms. (org.apache.kafka.storage.internals.log.ProducerStateManager)
[2024-05-14 17:28:14,933] INFO Shutdown complete. (kafka.log.LogManager)
[2024-05-14 17:28:14,951] INFO [feature-zk-node-event-process-thread]: Shutting down (kafka.server.FinalizedFeatureChangeListener$ChangeNotificationProcessorThread)
[2024-05-14 17:28:14,951] INFO [feature-zk-node-event-process-thread]: Shutdown completed (kafka.server.FinalizedFeatureChangeListener$ChangeNotificationProcessorThread)
[2024-05-14 17:28:14,951] INFO [feature-zk-node-event-process-thread]: Stopped (kafka.server.FinalizedFeatureChangeListener$ChangeNotificationProcessorThread)
[2024-05-14 17:28:14,953] INFO [ZooKeeperClient Kafka server] Closing. (kafka.zookeeper.ZooKeeperClient)
[2024-05-14 17:28:15,108] INFO Session: 0x1000d94e3330004 closed (org.apache.zookeeper.ZooKeeper)
[2024-05-14 17:28:15,108] INFO EventThread shut down for session: 0x1000d94e3330004 (org.apache.zookeeper.ClientCnxn)
[2024-05-14 17:28:15,110] INFO [ZooKeeperClient Kafka server] Closed. (kafka.zookeeper.ZooKeeperClient)
[2024-05-14 17:28:15,112] INFO [ThrottledChannelReaper-Fetch]: Shutting down (kafka.server.ClientQuotaManager$ThrottledChannelReaper)
[2024-05-14 17:28:15,118] INFO [ThrottledChannelReaper-Fetch]: Stopped (kafka.server.ClientQuotaManager$ThrottledChannelReaper)
[2024-05-14 17:28:15,118] INFO [ThrottledChannelReaper-Fetch]: Shutdown completed (kafka.server.ClientQuotaManager$ThrottledChannelReaper)
[2024-05-14 17:28:15,120] INFO [ThrottledChannelReaper-Produce]: Shutting down (kafka.server.ClientQuotaManager$ThrottledChannelReaper)
[2024-05-14 17:28:15,121] INFO [ThrottledChannelReaper-Produce]: Stopped (kafka.server.ClientQuotaManager$ThrottledChannelReaper)
[2024-05-14 17:28:15,121] INFO [ThrottledChannelReaper-Produce]: Shutdown completed (kafka.server.ClientQuotaManager$ThrottledChannelReaper)
[2024-05-14 17:28:15,122] INFO [ThrottledChannelReaper-Request]: Shutting down (kafka.server.ClientQuotaManager$ThrottledChannelReaper)
[2024-05-14 17:28:15,124] INFO [ThrottledChannelReaper-Request]: Stopped (kafka.server.ClientQuotaManager$ThrottledChannelReaper)
[2024-05-14 17:28:15,124] INFO [ThrottledChannelReaper-Request]: Shutdown completed (kafka.server.ClientQuotaManager$ThrottledChannelReaper)
[2024-05-14 17:28:15,125] INFO [ThrottledChannelReaper-ControllerMutation]: Shutting down (kafka.server.ClientQuotaManager$ThrottledChannelReaper)
[2024-05-14 17:28:15,126] INFO [ThrottledChannelReaper-ControllerMutation]: Stopped (kafka.server.ClientQuotaManager$ThrottledChannelReaper)
[2024-05-14 17:28:15,126] INFO [ThrottledChannelReaper-ControllerMutation]: Shutdown completed (kafka.server.ClientQuotaManager$ThrottledChannelReaper)
[2024-05-14 17:28:15,128] INFO [SocketServer listenerType=ZK_BROKER, nodeId=0] Shutting down socket server (kafka.network.SocketServer)
[2024-05-14 17:28:15,168] INFO [SocketServer listenerType=ZK_BROKER, nodeId=0] Shutdown completed (kafka.network.SocketServer)
[2024-05-14 17:28:15,169] INFO Metrics scheduler closed (org.apache.kafka.common.metrics.Metrics)
[2024-05-14 17:28:15,170] INFO Closing reporter org.apache.kafka.common.metrics.JmxReporter (org.apache.kafka.common.metrics.Metrics)
[2024-05-14 17:28:15,171] INFO Metrics reporters closed (org.apache.kafka.common.metrics.Metrics)
[2024-05-14 17:28:15,173] INFO Broker and topic stats closed (kafka.server.BrokerTopicStats)
[2024-05-14 17:28:15,175] INFO App info kafka.server for 0 unregistered (org.apache.kafka.common.utils.AppInfoParser)
[2024-05-14 17:28:15,175] INFO [KafkaServer id=0] shut down completed (kafka.server.KafkaServer)
